<html>
<head>
<title>TestNG:  Default test</title>
<link href="../testng.css" rel="stylesheet" type="text/css" />
<link href="../my-testng.css" rel="stylesheet" type="text/css" />

<style type="text/css">
.log { display: none;} 
.stack-trace { display: none;} 
</style>
<script type="text/javascript">
<!--
function flip(e) {
  current = e.style.display;
  if (current == 'block') {
    e.style.display = 'none';
    return 0;
  }
  else {
    e.style.display = 'block';
    return 1;
  }
}

function toggleBox(szDivId, elem, msg1, msg2)
{
  var res = -1;  if (document.getElementById) {
    res = flip(document.getElementById(szDivId));
  }
  else if (document.all) {
    // this is the way old msie versions work
    res = flip(document.all[szDivId]);
  }
  if(elem) {
    if(res == 0) elem.innerHTML = msg1; else elem.innerHTML = msg2;
  }

}

function toggleAllBoxes() {
  if (document.getElementsByTagName) {
    d = document.getElementsByTagName('div');
    for (i = 0; i < d.length; i++) {
      if (d[i].className == 'log') {
        flip(d[i]);
      }
    }
  }
}

// -->
</script>

</head>
<body>
<h2 align='center'>Default test</h2><table border='1' align="center">
<tr>
<td>Tests passed/Failed/Skipped:</td><td>0/7/0</td>
</tr><tr>
<td>Started on:</td><td>Thu Nov 23 11:48:31 IST 2023</td>
</tr>
<tr><td>Total time:</td><td>2 seconds (2291 ms)</td>
</tr><tr>
<td>Included groups:</td><td></td>
</tr><tr>
<td>Excluded groups:</td><td></td>
</tr>
</table><p/>
<small><i>(Hover the method name to see the test class name)</i></small><p/>
<table width='100%' border='1' class='invocation-failed'>
<tr><td colspan='4' align='center'><b>FAILED TESTS</b></td></tr>
<tr><td><b>Test method</b></td>
<td width="30%"><b>Exception</b></td>
<td width="10%"><b>Time (seconds)</b></td>
<td><b>Instance</b></td>
</tr>
<tr>
<td title='com.runner.Runner2.runScenario()'><b>runScenario</b><br>Test class: com.runner.Runner2<br>Test method: Runs Cucumber Scenarios<br>Parameters: "Login should be success", "Bookcart application demo"</td>
<td><div><pre>java.lang.AssertionError: expected [true] but found [false]
	at org.testng.Assert.fail(Assert.java:99)
	at org.testng.Assert.failNotEquals(Assert.java:1037)
	at org.testng.Assert.assertTrue(Assert.java:45)
	at org.testng.Assert.assertTrue(Assert.java:55)
	at Stepdefinition.Hooks.teardown(Hooks.java:26)
</pre></div><a href='#' onClick='toggleBox("stack-trace1008608255", this, "Click to show all stack frames", "Click to hide stack frames")'>Click to show all stack frames</a>
<div class='stack-trace' id='stack-trace1008608255'><pre>java.lang.AssertionError: expected [true] but found [false]
	at org.testng.Assert.fail(Assert.java:99)
	at org.testng.Assert.failNotEquals(Assert.java:1037)
	at org.testng.Assert.assertTrue(Assert.java:45)
	at org.testng.Assert.assertTrue(Assert.java:55)
	at Stepdefinition.Hooks.teardown(Hooks.java:26)
</pre></div></td>
<td>0</td>
<td>com.runner.Runner2@1e6a3214</td></tr>
<tr>
<td title='com.runner.Runner2.runScenario()'><b>runScenario</b><br>Test class: com.runner.Runner2<br>Test method: Runs Cucumber Scenarios<br>Parameters: "signup page", "Bookcart application demo"</td>
<td><div><pre>java.lang.AssertionError: expected [true] but found [false]
	at org.testng.Assert.fail(Assert.java:99)
	at org.testng.Assert.failNotEquals(Assert.java:1037)
	at org.testng.Assert.assertTrue(Assert.java:45)
	at org.testng.Assert.assertTrue(Assert.java:55)
	at Stepdefinition.Hooks.teardown(Hooks.java:26)
</pre></div><a href='#' onClick='toggleBox("stack-trace639105046", this, "Click to show all stack frames", "Click to hide stack frames")'>Click to show all stack frames</a>
<div class='stack-trace' id='stack-trace639105046'><pre>java.lang.AssertionError: expected [true] but found [false]
	at org.testng.Assert.fail(Assert.java:99)
	at org.testng.Assert.failNotEquals(Assert.java:1037)
	at org.testng.Assert.assertTrue(Assert.java:45)
	at org.testng.Assert.assertTrue(Assert.java:55)
	at Stepdefinition.Hooks.teardown(Hooks.java:26)
</pre></div></td>
<td>0</td>
<td>com.runner.Runner2@1e6a3214</td></tr>
<tr>
<td title='com.runner.Runner2.runScenario()'><b>runScenario</b><br>Test class: com.runner.Runner2<br>Test method: Runs Cucumber Scenarios<br>Parameters: "Login should be success", "Bookcart application demo"</td>
<td><div><pre>java.lang.AssertionError: expected [true] but found [false]
	at org.testng.Assert.fail(Assert.java:99)
	at org.testng.Assert.failNotEquals(Assert.java:1037)
	at org.testng.Assert.assertTrue(Assert.java:45)
	at org.testng.Assert.assertTrue(Assert.java:55)
	at Stepdefinition.Hooks.teardown(Hooks.java:26)
</pre></div><a href='#' onClick='toggleBox("stack-trace346377974", this, "Click to show all stack frames", "Click to hide stack frames")'>Click to show all stack frames</a>
<div class='stack-trace' id='stack-trace346377974'><pre>java.lang.AssertionError: expected [true] but found [false]
	at org.testng.Assert.fail(Assert.java:99)
	at org.testng.Assert.failNotEquals(Assert.java:1037)
	at org.testng.Assert.assertTrue(Assert.java:45)
	at org.testng.Assert.assertTrue(Assert.java:55)
	at Stepdefinition.Hooks.teardown(Hooks.java:26)
</pre></div></td>
<td>0</td>
<td>com.runner.Runner2@1e6a3214</td></tr>
<tr>
<td title='com.runner.Runner2.runScenario()'><b>runScenario</b><br>Test class: com.runner.Runner2<br>Test method: Runs Cucumber Scenarios<br>Parameters: "Login should be success", "Bookcart application demo"</td>
<td><div><pre>java.lang.AssertionError: expected [true] but found [false]
	at org.testng.Assert.fail(Assert.java:99)
	at org.testng.Assert.failNotEquals(Assert.java:1037)
	at org.testng.Assert.assertTrue(Assert.java:45)
	at org.testng.Assert.assertTrue(Assert.java:55)
	at Stepdefinition.Hooks.teardown(Hooks.java:26)
</pre></div><a href='#' onClick='toggleBox("stack-trace364480205", this, "Click to show all stack frames", "Click to hide stack frames")'>Click to show all stack frames</a>
<div class='stack-trace' id='stack-trace364480205'><pre>java.lang.AssertionError: expected [true] but found [false]
	at org.testng.Assert.fail(Assert.java:99)
	at org.testng.Assert.failNotEquals(Assert.java:1037)
	at org.testng.Assert.assertTrue(Assert.java:45)
	at org.testng.Assert.assertTrue(Assert.java:55)
	at Stepdefinition.Hooks.teardown(Hooks.java:26)
</pre></div></td>
<td>0</td>
<td>com.runner.Runner2@1e6a3214</td></tr>
<tr>
<td title='com.runner.Runner2.runScenario()'><b>runScenario</b><br>Test class: com.runner.Runner2<br>Test method: Runs Cucumber Scenarios<br>Parameters: "Login should be success", "Bookcart application demo"</td>
<td><div><pre>java.lang.AssertionError: expected [true] but found [false]
	at org.testng.Assert.fail(Assert.java:99)
	at org.testng.Assert.failNotEquals(Assert.java:1037)
	at org.testng.Assert.assertTrue(Assert.java:45)
	at org.testng.Assert.assertTrue(Assert.java:55)
	at Stepdefinition.Hooks.teardown(Hooks.java:26)
</pre></div><a href='#' onClick='toggleBox("stack-trace141015648", this, "Click to show all stack frames", "Click to hide stack frames")'>Click to show all stack frames</a>
<div class='stack-trace' id='stack-trace141015648'><pre>java.lang.AssertionError: expected [true] but found [false]
	at org.testng.Assert.fail(Assert.java:99)
	at org.testng.Assert.failNotEquals(Assert.java:1037)
	at org.testng.Assert.assertTrue(Assert.java:45)
	at org.testng.Assert.assertTrue(Assert.java:55)
	at Stepdefinition.Hooks.teardown(Hooks.java:26)
</pre></div></td>
<td>0</td>
<td>com.runner.Runner2@1e6a3214</td></tr>
<tr>
<td title='com.runner.Runner2.runScenario()'><b>runScenario</b><br>Test class: com.runner.Runner2<br>Test method: Runs Cucumber Scenarios<br>Parameters: "signup page", "Bookcart application demo"</td>
<td><div><pre>java.lang.AssertionError: expected [true] but found [false]
	at org.testng.Assert.fail(Assert.java:99)
	at org.testng.Assert.failNotEquals(Assert.java:1037)
	at org.testng.Assert.assertTrue(Assert.java:45)
	at org.testng.Assert.assertTrue(Assert.java:55)
	at Stepdefinition.Hooks.teardown(Hooks.java:26)
</pre></div><a href='#' onClick='toggleBox("stack-trace1699443392", this, "Click to show all stack frames", "Click to hide stack frames")'>Click to show all stack frames</a>
<div class='stack-trace' id='stack-trace1699443392'><pre>java.lang.AssertionError: expected [true] but found [false]
	at org.testng.Assert.fail(Assert.java:99)
	at org.testng.Assert.failNotEquals(Assert.java:1037)
	at org.testng.Assert.assertTrue(Assert.java:45)
	at org.testng.Assert.assertTrue(Assert.java:55)
	at Stepdefinition.Hooks.teardown(Hooks.java:26)
</pre></div></td>
<td>0</td>
<td>com.runner.Runner2@1e6a3214</td></tr>
<tr>
<td title='com.runner.Runner2.runScenario()'><b>runScenario</b><br>Test class: com.runner.Runner2<br>Test method: Runs Cucumber Scenarios<br>Parameters: "signup page", "Bookcart application demo"</td>
<td><div><pre>java.lang.AssertionError: expected [true] but found [false]
	at org.testng.Assert.fail(Assert.java:99)
	at org.testng.Assert.failNotEquals(Assert.java:1037)
	at org.testng.Assert.assertTrue(Assert.java:45)
	at org.testng.Assert.assertTrue(Assert.java:55)
	at Stepdefinition.Hooks.teardown(Hooks.java:26)
</pre></div><a href='#' onClick='toggleBox("stack-trace1561347421", this, "Click to show all stack frames", "Click to hide stack frames")'>Click to show all stack frames</a>
<div class='stack-trace' id='stack-trace1561347421'><pre>java.lang.AssertionError: expected [true] but found [false]
	at org.testng.Assert.fail(Assert.java:99)
	at org.testng.Assert.failNotEquals(Assert.java:1037)
	at org.testng.Assert.assertTrue(Assert.java:45)
	at org.testng.Assert.assertTrue(Assert.java:55)
	at Stepdefinition.Hooks.teardown(Hooks.java:26)
</pre></div></td>
<td>0</td>
<td>com.runner.Runner2@1e6a3214</td></tr>
</table><p>
</body>
</html>